<?xml version="1.0" encoding="UTF-8"?>
<!-- Generated by org.testng.reporters.JUnitReportReporter -->
<testsuite skipped="0" hostname="DESKTOP-9BEQ8D8" name="testcases.VerifyLoginPage" tests="2" failures="0" timestamp="08 Jun 2019 11:38:35 GMT" time="3.004" errors="0">
  <testcase name="verifyTitle" time="0.024" classname="testcases.VerifyLoginPage"/>
  <testcase name="Login" time="2.980" classname="testcases.VerifyLoginPage"/>
</testsuite> <!-- testcases.VerifyLoginPage -->
