<?xml version="1.0" encoding="UTF-8"?>
<!-- Generated by org.testng.reporters.JUnitReportReporter -->
<testsuite skipped="0" hostname="DESKTOP-9BEQ8D8" name="testcases.VerifyHomePage" tests="1" failures="0" timestamp="15 Jun 2019 20:21:36 GMT" time="5.978" errors="0">
  <testcase name="verifyTitle" time="5.978" classname="testcases.VerifyHomePage"/>
</testsuite> <!-- testcases.VerifyHomePage -->
