<?xml version="1.0" encoding="UTF-8"?>
<!-- Generated by org.testng.reporters.JUnitReportReporter -->
<testsuite skipped="0" hostname="DESKTOP-9BEQ8D8" name="unittest.Windowshandle" tests="1" failures="0" timestamp="17 Jul 2019 15:58:04 GMT" time="9.528" errors="0">
  <testcase name="check" time="9.528" classname="unittest.Windowshandle"/>
</testsuite> <!-- unittest.Windowshandle -->
